<?xml version='1.0' encoding='UTF-8'?>
<testsuite hostname="MBP-de-Raphael.home" name="com.khanr1.cryocompose.ProductCategorySuite" tests="5" errors="0" failures="0" skipped="0" time="0.53" timestamp="2024-03-21T21:14:23">
          <properties>
[...]
</properties>
          <testcase classname="com.khanr1.cryocompose.ProductCategorySuite" name="The ProductName construtor works properly" time="0.109">
                      
                    </testcase><testcase classname="com.khanr1.cryocompose.ProductCategorySuite" name="The ProductCode construtor works properly" time="0.106">
                      
                    </testcase><testcase classname="com.khanr1.cryocompose.ProductCategorySuite" name="The ProductDescription construtor works properly" time="0.105">
                      
                    </testcase><testcase classname="com.khanr1.cryocompose.ProductCategorySuite" name="The CategoryName construtor works properly" time="0.106">
                      
                    </testcase><testcase classname="com.khanr1.cryocompose.ProductCategorySuite" name="The CategoryDescription construtor works properly" time="0.104">
                      
                    </testcase>
          <system-out><![CDATA[]]></system-out>
          <system-err><![CDATA[]]></system-err>
        </testsuite>